[0.347s] Invoking command in '/home/robotics/dev_ws/src/Robotics-Project': PYTHONPATH=/home/robotics/dev_ws/src/Robotics-Project/build/project/prefix_override:/home/robotics/dev_ws/src/Robotics-Project/install/project/lib/python3.10/site-packages:${PYTHONPATH} /usr/bin/python3 setup.py egg_info --egg-base build/project build --build-base /home/robotics/dev_ws/src/Robotics-Project/build/project/build install --record /home/robotics/dev_ws/src/Robotics-Project/build/project/install.log --single-version-externally-managed
[0.473s] running egg_info
[0.474s] writing build/project/project.egg-info/PKG-INFO
[0.474s] writing dependency_links to build/project/project.egg-info/dependency_links.txt
[0.474s] writing entry points to build/project/project.egg-info/entry_points.txt
[0.474s] writing requirements to build/project/project.egg-info/requires.txt
[0.474s] writing top-level names to build/project/project.egg-info/top_level.txt
[0.475s] package init file 'rm/__init__.py' not found (or not a regular file)
[0.475s] reading manifest file 'build/project/project.egg-info/SOURCES.txt'
[0.476s] writing manifest file 'build/project/project.egg-info/SOURCES.txt'
[0.476s] running build
[0.476s] running build_py
[0.476s] running install
[0.476s] /usr/lib/python3/dist-packages/setuptools/command/install.py:34: SetuptoolsDeprecationWarning: setup.py install is deprecated. Use build and pip and other standards-based tools.
[0.476s]   warnings.warn(
[0.477s] running install_lib
[0.477s] running install_data
[0.478s] running install_egg_info
[0.479s] removing '/home/robotics/dev_ws/src/Robotics-Project/install/project/lib/python3.10/site-packages/project-0.0.0-py3.10.egg-info' (and everything under it)
[0.479s] Copying build/project/project.egg-info to /home/robotics/dev_ws/src/Robotics-Project/install/project/lib/python3.10/site-packages/project-0.0.0-py3.10.egg-info
[0.479s] running install_scripts
[0.490s] Installing calibrate script to /home/robotics/dev_ws/src/Robotics-Project/install/project/lib/project
[0.490s] Installing firstController script to /home/robotics/dev_ws/src/Robotics-Project/install/project/lib/project
[0.490s] Installing vs script to /home/robotics/dev_ws/src/Robotics-Project/install/project/lib/project
[0.491s] writing list of installed files to '/home/robotics/dev_ws/src/Robotics-Project/build/project/install.log'
[0.508s] Invoked command in '/home/robotics/dev_ws/src/Robotics-Project' returned '0': PYTHONPATH=/home/robotics/dev_ws/src/Robotics-Project/build/project/prefix_override:/home/robotics/dev_ws/src/Robotics-Project/install/project/lib/python3.10/site-packages:${PYTHONPATH} /usr/bin/python3 setup.py egg_info --egg-base build/project build --build-base /home/robotics/dev_ws/src/Robotics-Project/build/project/build install --record /home/robotics/dev_ws/src/Robotics-Project/build/project/install.log --single-version-externally-managed
