[0.356s] Invoking command in '/home/robotics/dev_ws/src/Robotics-Project': PYTHONPATH=/home/robotics/dev_ws/src/Robotics-Project/build/project/prefix_override:/home/robotics/dev_ws/src/Robotics-Project/install/project/lib/python3.10/site-packages:${PYTHONPATH} /usr/bin/python3 setup.py egg_info --egg-base build/project build --build-base /home/robotics/dev_ws/src/Robotics-Project/build/project/build install --record /home/robotics/dev_ws/src/Robotics-Project/build/project/install.log --single-version-externally-managed
[0.489s] running egg_info
[0.490s] writing build/project/project.egg-info/PKG-INFO
[0.490s] writing dependency_links to build/project/project.egg-info/dependency_links.txt
[0.490s] writing entry points to build/project/project.egg-info/entry_points.txt
[0.490s] writing requirements to build/project/project.egg-info/requires.txt
[0.490s] writing top-level names to build/project/project.egg-info/top_level.txt
[0.491s] package init file 'rm/__init__.py' not found (or not a regular file)
[0.491s] reading manifest file 'build/project/project.egg-info/SOURCES.txt'
[0.492s] writing manifest file 'build/project/project.egg-info/SOURCES.txt'
[0.492s] running build
[0.492s] running build_py
[0.492s] running install
[0.492s] /usr/lib/python3/dist-packages/setuptools/command/install.py:34: SetuptoolsDeprecationWarning: setup.py install is deprecated. Use build and pip and other standards-based tools.
[0.492s]   warnings.warn(
[0.492s] running install_lib
[0.493s] running install_data
[0.493s] running install_egg_info
[0.494s] removing '/home/robotics/dev_ws/src/Robotics-Project/install/project/lib/python3.10/site-packages/project-0.0.0-py3.10.egg-info' (and everything under it)
[0.495s] Copying build/project/project.egg-info to /home/robotics/dev_ws/src/Robotics-Project/install/project/lib/python3.10/site-packages/project-0.0.0-py3.10.egg-info
[0.495s] running install_scripts
[0.507s] Installing calibrate script to /home/robotics/dev_ws/src/Robotics-Project/install/project/lib/project
[0.507s] Installing firstController script to /home/robotics/dev_ws/src/Robotics-Project/install/project/lib/project
[0.507s] Installing vs script to /home/robotics/dev_ws/src/Robotics-Project/install/project/lib/project
[0.508s] writing list of installed files to '/home/robotics/dev_ws/src/Robotics-Project/build/project/install.log'
[0.522s] Invoked command in '/home/robotics/dev_ws/src/Robotics-Project' returned '0': PYTHONPATH=/home/robotics/dev_ws/src/Robotics-Project/build/project/prefix_override:/home/robotics/dev_ws/src/Robotics-Project/install/project/lib/python3.10/site-packages:${PYTHONPATH} /usr/bin/python3 setup.py egg_info --egg-base build/project build --build-base /home/robotics/dev_ws/src/Robotics-Project/build/project/build install --record /home/robotics/dev_ws/src/Robotics-Project/build/project/install.log --single-version-externally-managed
