running egg_info
writing build/project/project.egg-info/PKG-INFO
writing dependency_links to build/project/project.egg-info/dependency_links.txt
writing entry points to build/project/project.egg-info/entry_points.txt
writing requirements to build/project/project.egg-info/requires.txt
writing top-level names to build/project/project.egg-info/top_level.txt
package init file 'rm/__init__.py' not found (or not a regular file)
reading manifest file 'build/project/project.egg-info/SOURCES.txt'
writing manifest file 'build/project/project.egg-info/SOURCES.txt'
running build
running build_py
copying project/firstController.py -> /home/robotics/dev_ws/src/Robotics-Project/build/project/build/lib/project
copying project/robotStates.py -> /home/robotics/dev_ws/src/Robotics-Project/build/project/build/lib/project
copying project/visualServoing.py -> /home/robotics/dev_ws/src/Robotics-Project/build/project/build/lib/project
copying project/calibrate.py -> /home/robotics/dev_ws/src/Robotics-Project/build/project/build/lib/project
creating /home/robotics/dev_ws/src/Robotics-Project/build/project/build/lib/rm
copying rm/calibration_data.py -> /home/robotics/dev_ws/src/Robotics-Project/build/project/build/lib/rm
copying rm/node.py -> /home/robotics/dev_ws/src/Robotics-Project/build/project/build/lib/rm
copying rm/calibrate.py -> /home/robotics/dev_ws/src/Robotics-Project/build/project/build/lib/rm
copying rm/vs.py -> /home/robotics/dev_ws/src/Robotics-Project/build/project/build/lib/rm
copying rm/aruco.py -> /home/robotics/dev_ws/src/Robotics-Project/build/project/build/lib/rm
running install
/usr/lib/python3/dist-packages/setuptools/command/install.py:34: SetuptoolsDeprecationWarning: setup.py install is deprecated. Use build and pip and other standards-based tools.
  warnings.warn(
running install_lib
copying /home/robotics/dev_ws/src/Robotics-Project/build/project/build/lib/project/firstController.py -> /home/robotics/dev_ws/src/Robotics-Project/install/project/lib/python3.10/site-packages/project
copying /home/robotics/dev_ws/src/Robotics-Project/build/project/build/lib/project/robotStates.py -> /home/robotics/dev_ws/src/Robotics-Project/install/project/lib/python3.10/site-packages/project
copying /home/robotics/dev_ws/src/Robotics-Project/build/project/build/lib/project/visualServoing.py -> /home/robotics/dev_ws/src/Robotics-Project/install/project/lib/python3.10/site-packages/project
copying /home/robotics/dev_ws/src/Robotics-Project/build/project/build/lib/project/calibrate.py -> /home/robotics/dev_ws/src/Robotics-Project/install/project/lib/python3.10/site-packages/project
creating /home/robotics/dev_ws/src/Robotics-Project/install/project/lib/python3.10/site-packages/rm
copying /home/robotics/dev_ws/src/Robotics-Project/build/project/build/lib/rm/calibration_data.py -> /home/robotics/dev_ws/src/Robotics-Project/install/project/lib/python3.10/site-packages/rm
copying /home/robotics/dev_ws/src/Robotics-Project/build/project/build/lib/rm/node.py -> /home/robotics/dev_ws/src/Robotics-Project/install/project/lib/python3.10/site-packages/rm
copying /home/robotics/dev_ws/src/Robotics-Project/build/project/build/lib/rm/calibrate.py -> /home/robotics/dev_ws/src/Robotics-Project/install/project/lib/python3.10/site-packages/rm
copying /home/robotics/dev_ws/src/Robotics-Project/build/project/build/lib/rm/vs.py -> /home/robotics/dev_ws/src/Robotics-Project/install/project/lib/python3.10/site-packages/rm
copying /home/robotics/dev_ws/src/Robotics-Project/build/project/build/lib/rm/aruco.py -> /home/robotics/dev_ws/src/Robotics-Project/install/project/lib/python3.10/site-packages/rm
byte-compiling /home/robotics/dev_ws/src/Robotics-Project/install/project/lib/python3.10/site-packages/project/firstController.py to firstController.cpython-310.pyc
byte-compiling /home/robotics/dev_ws/src/Robotics-Project/install/project/lib/python3.10/site-packages/project/robotStates.py to robotStates.cpython-310.pyc
byte-compiling /home/robotics/dev_ws/src/Robotics-Project/install/project/lib/python3.10/site-packages/project/visualServoing.py to visualServoing.cpython-310.pyc
byte-compiling /home/robotics/dev_ws/src/Robotics-Project/install/project/lib/python3.10/site-packages/project/calibrate.py to calibrate.cpython-310.pyc
byte-compiling /home/robotics/dev_ws/src/Robotics-Project/install/project/lib/python3.10/site-packages/rm/calibration_data.py to calibration_data.cpython-310.pyc
byte-compiling /home/robotics/dev_ws/src/Robotics-Project/install/project/lib/python3.10/site-packages/rm/node.py to node.cpython-310.pyc
byte-compiling /home/robotics/dev_ws/src/Robotics-Project/install/project/lib/python3.10/site-packages/rm/calibrate.py to calibrate.cpython-310.pyc
byte-compiling /home/robotics/dev_ws/src/Robotics-Project/install/project/lib/python3.10/site-packages/rm/vs.py to vs.cpython-310.pyc
byte-compiling /home/robotics/dev_ws/src/Robotics-Project/install/project/lib/python3.10/site-packages/rm/aruco.py to aruco.cpython-310.pyc
running install_data
copying launch/test.launch.xml -> /home/robotics/dev_ws/src/Robotics-Project/install/project/share/project/launch
copying launch/vs.launch.xml -> /home/robotics/dev_ws/src/Robotics-Project/install/project/share/project/launch
running install_egg_info
removing '/home/robotics/dev_ws/src/Robotics-Project/install/project/lib/python3.10/site-packages/project-0.0.0-py3.10.egg-info' (and everything under it)
Copying build/project/project.egg-info to /home/robotics/dev_ws/src/Robotics-Project/install/project/lib/python3.10/site-packages/project-0.0.0-py3.10.egg-info
running install_scripts
Installing calibrate script to /home/robotics/dev_ws/src/Robotics-Project/install/project/lib/project
Installing firstController script to /home/robotics/dev_ws/src/Robotics-Project/install/project/lib/project
Installing vs script to /home/robotics/dev_ws/src/Robotics-Project/install/project/lib/project
writing list of installed files to '/home/robotics/dev_ws/src/Robotics-Project/build/project/install.log'
