/home/robotics/dev_ws/src/Robotics-Project/install/project/lib/python3.10/site-packages/project/arucoHelperclass.py
/home/robotics/dev_ws/src/Robotics-Project/install/project/lib/python3.10/site-packages/project/firstController.py
/home/robotics/dev_ws/src/Robotics-Project/install/project/lib/python3.10/site-packages/project/robotStates.py
/home/robotics/dev_ws/src/Robotics-Project/install/project/lib/python3.10/site-packages/project/visualServoing.py
/home/robotics/dev_ws/src/Robotics-Project/install/project/lib/python3.10/site-packages/project/calibrate.py
/home/robotics/dev_ws/src/Robotics-Project/install/project/lib/python3.10/site-packages/project/__init__.py
/home/robotics/dev_ws/src/Robotics-Project/install/project/lib/python3.10/site-packages/rm/calibration_data.py
/home/robotics/dev_ws/src/Robotics-Project/install/project/lib/python3.10/site-packages/rm/node.py
/home/robotics/dev_ws/src/Robotics-Project/install/project/lib/python3.10/site-packages/rm/robotStates.py
/home/robotics/dev_ws/src/Robotics-Project/install/project/lib/python3.10/site-packages/rm/calibrate.py
/home/robotics/dev_ws/src/Robotics-Project/install/project/lib/python3.10/site-packages/rm/vs.py
/home/robotics/dev_ws/src/Robotics-Project/install/project/lib/python3.10/site-packages/rm/aruco.py
/home/robotics/dev_ws/src/Robotics-Project/install/project/lib/python3.10/site-packages/project/__pycache__/arucoHelperclass.cpython-310.pyc
/home/robotics/dev_ws/src/Robotics-Project/install/project/lib/python3.10/site-packages/project/__pycache__/firstController.cpython-310.pyc
/home/robotics/dev_ws/src/Robotics-Project/install/project/lib/python3.10/site-packages/project/__pycache__/robotStates.cpython-310.pyc
/home/robotics/dev_ws/src/Robotics-Project/install/project/lib/python3.10/site-packages/project/__pycache__/visualServoing.cpython-310.pyc
/home/robotics/dev_ws/src/Robotics-Project/install/project/lib/python3.10/site-packages/project/__pycache__/calibrate.cpython-310.pyc
/home/robotics/dev_ws/src/Robotics-Project/install/project/lib/python3.10/site-packages/project/__pycache__/__init__.cpython-310.pyc
/home/robotics/dev_ws/src/Robotics-Project/install/project/lib/python3.10/site-packages/rm/__pycache__/calibration_data.cpython-310.pyc
/home/robotics/dev_ws/src/Robotics-Project/install/project/lib/python3.10/site-packages/rm/__pycache__/node.cpython-310.pyc
/home/robotics/dev_ws/src/Robotics-Project/install/project/lib/python3.10/site-packages/rm/__pycache__/robotStates.cpython-310.pyc
/home/robotics/dev_ws/src/Robotics-Project/install/project/lib/python3.10/site-packages/rm/__pycache__/calibrate.cpython-310.pyc
/home/robotics/dev_ws/src/Robotics-Project/install/project/lib/python3.10/site-packages/rm/__pycache__/vs.cpython-310.pyc
/home/robotics/dev_ws/src/Robotics-Project/install/project/lib/python3.10/site-packages/rm/__pycache__/aruco.cpython-310.pyc
/home/robotics/dev_ws/src/Robotics-Project/install/project/share/ament_index/resource_index/packages/project
/home/robotics/dev_ws/src/Robotics-Project/install/project/share/project/package.xml
/home/robotics/dev_ws/src/Robotics-Project/install/project/share/project/launch/test.launch.xml
/home/robotics/dev_ws/src/Robotics-Project/install/project/share/project/launch/calibrate.launch.xml
/home/robotics/dev_ws/src/Robotics-Project/install/project/share/project/launch/vs.launch.xml
/home/robotics/dev_ws/src/Robotics-Project/install/project/lib/python3.10/site-packages/project-0.0.0-py3.10.egg-info/dependency_links.txt
/home/robotics/dev_ws/src/Robotics-Project/install/project/lib/python3.10/site-packages/project-0.0.0-py3.10.egg-info/zip-safe
/home/robotics/dev_ws/src/Robotics-Project/install/project/lib/python3.10/site-packages/project-0.0.0-py3.10.egg-info/top_level.txt
/home/robotics/dev_ws/src/Robotics-Project/install/project/lib/python3.10/site-packages/project-0.0.0-py3.10.egg-info/PKG-INFO
/home/robotics/dev_ws/src/Robotics-Project/install/project/lib/python3.10/site-packages/project-0.0.0-py3.10.egg-info/SOURCES.txt
/home/robotics/dev_ws/src/Robotics-Project/install/project/lib/python3.10/site-packages/project-0.0.0-py3.10.egg-info/entry_points.txt
/home/robotics/dev_ws/src/Robotics-Project/install/project/lib/python3.10/site-packages/project-0.0.0-py3.10.egg-info/requires.txt
/home/robotics/dev_ws/src/Robotics-Project/install/project/lib/project/calibrate
/home/robotics/dev_ws/src/Robotics-Project/install/project/lib/project/firstController
/home/robotics/dev_ws/src/Robotics-Project/install/project/lib/project/vs
