running egg_info
creating build/project/project.egg-info
writing build/project/project.egg-info/PKG-INFO
writing dependency_links to build/project/project.egg-info/dependency_links.txt
writing entry points to build/project/project.egg-info/entry_points.txt
writing requirements to build/project/project.egg-info/requires.txt
writing top-level names to build/project/project.egg-info/top_level.txt
writing manifest file 'build/project/project.egg-info/SOURCES.txt'
reading manifest file 'build/project/project.egg-info/SOURCES.txt'
writing manifest file 'build/project/project.egg-info/SOURCES.txt'
running build
running build_py
creating /home/robotics/dev_ws/src/Robotics-Project/build/project/build
creating /home/robotics/dev_ws/src/Robotics-Project/build/project/build/lib
creating /home/robotics/dev_ws/src/Robotics-Project/build/project/build/lib/project
copying project/arucoHelperclass.py -> /home/robotics/dev_ws/src/Robotics-Project/build/project/build/lib/project
copying project/firstController.py -> /home/robotics/dev_ws/src/Robotics-Project/build/project/build/lib/project
copying project/__init__.py -> /home/robotics/dev_ws/src/Robotics-Project/build/project/build/lib/project
running install
running install_lib
creating /home/robotics/dev_ws/src/Robotics-Project/install/project/lib/python3.10/site-packages/project
copying /home/robotics/dev_ws/src/Robotics-Project/build/project/build/lib/project/arucoHelperclass.py -> /home/robotics/dev_ws/src/Robotics-Project/install/project/lib/python3.10/site-packages/project
copying /home/robotics/dev_ws/src/Robotics-Project/build/project/build/lib/project/firstController.py -> /home/robotics/dev_ws/src/Robotics-Project/install/project/lib/python3.10/site-packages/project
copying /home/robotics/dev_ws/src/Robotics-Project/build/project/build/lib/project/__init__.py -> /home/robotics/dev_ws/src/Robotics-Project/install/project/lib/python3.10/site-packages/project
byte-compiling /home/robotics/dev_ws/src/Robotics-Project/install/project/lib/python3.10/site-packages/project/arucoHelperclass.py to arucoHelperclass.cpython-310.pyc
byte-compiling /home/robotics/dev_ws/src/Robotics-Project/install/project/lib/python3.10/site-packages/project/firstController.py to firstController.cpython-310.pyc
byte-compiling /home/robotics/dev_ws/src/Robotics-Project/install/project/lib/python3.10/site-packages/project/__init__.py to __init__.cpython-310.pyc
running install_data
creating /home/robotics/dev_ws/src/Robotics-Project/install/project/share/ament_index
creating /home/robotics/dev_ws/src/Robotics-Project/install/project/share/ament_index/resource_index
creating /home/robotics/dev_ws/src/Robotics-Project/install/project/share/ament_index/resource_index/packages
copying resource/project -> /home/robotics/dev_ws/src/Robotics-Project/install/project/share/ament_index/resource_index/packages
copying package.xml -> /home/robotics/dev_ws/src/Robotics-Project/install/project/share/project
creating /home/robotics/dev_ws/src/Robotics-Project/install/project/share/project/launch
copying launch/test.launch.xml -> /home/robotics/dev_ws/src/Robotics-Project/install/project/share/project/launch
running install_egg_info
Copying build/project/project.egg-info to /home/robotics/dev_ws/src/Robotics-Project/install/project/lib/python3.10/site-packages/project-0.0.0-py3.10.egg-info
running install_scripts
Installing firstController script to /home/robotics/dev_ws/src/Robotics-Project/install/project/lib/project
writing list of installed files to '/home/robotics/dev_ws/src/Robotics-Project/build/project/install.log'
